<?xml version="1.0" encoding="UTF-8"?>
<!-- Generated by org.testng.reporters.JUnitXMLReporter -->
<testsuite ignored="0" hostname="Feuji-V005L-R" failures="0" tests="2" name="Surefire test" time="2.315" errors="0" timestamp="2024-02-14T12:18:03 IST">
  <testcase classname="com.appiumTests.test.DetoxTests" name="@BeforeMethod gotoHomePage" time="0.186">
    <failure type="org.openqa.selenium.WebDriverException" message="org.openqa.selenium.NoSuchSessionException: The session identified by f09b39c6-9c14-4c9f-a63f-386ebc17c95c is not known
Build info: version: &amp;apos;4.12.1&amp;apos;, revision: &amp;apos;8e34639b11&amp;apos;
System info: os.name: &amp;apos;Windows 11&amp;apos;, os.arch: &amp;apos;amd64&amp;apos;, os.version: &amp;apos;10.0&amp;apos;, java.version: &amp;apos;17.0.9&amp;apos;
Driver info: io.appium.java_client.android.AndroidDriver
Command: [e5fe5d93-6f28-4e02-ae69-20a5d28aa93d, findElement {using=xpath, value=//android.widget.Button[@resource-id=&amp;quot;com.project.kiranchavan.detoxfree:id/set_lang_btn&amp;quot;]}]
Capabilities {appium:app: C:\Users\lavanya.gorrela\ec..., appium:appActivity: com.project.kiranchavan.det..., appium:appPackage: com.project.kiranchavan.det..., appium:autoAcceptAlerts: true, appium:automationName: UiAutomator2, appium:databaseEnabled: false, appium:desired: {app: C:\Users\lavanya.gorrela\ec..., appActivity: com.project.kiranchavan.det..., appPackage: com.project.kiranchavan.det..., autoAcceptAlerts: true, automationName: UiAutomator2, deviceName: emulator-5554, newCommandTimeOut: 3000, noReset: false, platformName: ANDROID, platformVersion: 14}, appium:deviceApiLevel: 34, appium:deviceManufacturer: Google, appium:deviceModel: sdk_gphone64_x86_64, appium:deviceName: emulator-5554, appium:deviceScreenDensity: 440, appium:deviceScreenSize: 1080x2220, appium:deviceUDID: emulator-5554, appium:javascriptEnabled: true, appium:locationContextEnabled: false, appium:networkConnectionEnabled: true, appium:newCommandTimeOut: 3000, appium:noReset: false, appium:pixelRatio: 2.75, appium:platformVersion: 14, appium:statBarHeight: 66, appium:takesScreenshot: true, appium:viewportRect: {height: 2088, left: 0, top: 66, width: 1080}, appium:warnings: {}, appium:webStorageEnabled: false, platformName: ANDROID}
Session ID: e5fe5d93-6f28-4e02-ae69-20a5d28aa93d">
      <![CDATA[org.openqa.selenium.WebDriverException: org.openqa.selenium.NoSuchSessionException: The session identified by f09b39c6-9c14-4c9f-a63f-386ebc17c95c is not known
Build info: version: '4.12.1', revision: '8e34639b11'
System info: os.name: 'Windows 11', os.arch: 'amd64', os.version: '10.0', java.version: '17.0.9'
Driver info: io.appium.java_client.android.AndroidDriver
Command: [e5fe5d93-6f28-4e02-ae69-20a5d28aa93d, findElement {using=xpath, value=//android.widget.Button[@resource-id="com.project.kiranchavan.detoxfree:id/set_lang_btn"]}]
Capabilities {appium:app: C:\Users\lavanya.gorrela\ec..., appium:appActivity: com.project.kiranchavan.det..., appium:appPackage: com.project.kiranchavan.det..., appium:autoAcceptAlerts: true, appium:automationName: UiAutomator2, appium:databaseEnabled: false, appium:desired: {app: C:\Users\lavanya.gorrela\ec..., appActivity: com.project.kiranchavan.det..., appPackage: com.project.kiranchavan.det..., autoAcceptAlerts: true, automationName: UiAutomator2, deviceName: emulator-5554, newCommandTimeOut: 3000, noReset: false, platformName: ANDROID, platformVersion: 14}, appium:deviceApiLevel: 34, appium:deviceManufacturer: Google, appium:deviceModel: sdk_gphone64_x86_64, appium:deviceName: emulator-5554, appium:deviceScreenDensity: 440, appium:deviceScreenSize: 1080x2220, appium:deviceUDID: emulator-5554, appium:javascriptEnabled: true, appium:locationContextEnabled: false, appium:networkConnectionEnabled: true, appium:newCommandTimeOut: 3000, appium:noReset: false, appium:pixelRatio: 2.75, appium:platformVersion: 14, appium:statBarHeight: 66, appium:takesScreenshot: true, appium:viewportRect: {height: 2088, left: 0, top: 66, width: 1080}, appium:warnings: {}, appium:webStorageEnabled: false, platformName: ANDROID}
Session ID: e5fe5d93-6f28-4e02-ae69-20a5d28aa93d
at io.appium.java_client.pagefactory.AppiumElementLocator$WaitingFunction.apply(AppiumElementLocator.java:191)
at io.appium.java_client.pagefactory.AppiumElementLocator$WaitingFunction.apply(AppiumElementLocator.java:164)
at org.openqa.selenium.support.ui.FluentWait.until(FluentWait.java:205)
at io.appium.java_client.pagefactory.AppiumElementLocator.waitFor(AppiumElementLocator.java:98)
at io.appium.java_client.pagefactory.AppiumElementLocator.findElement(AppiumElementLocator.java:118)
at io.appium.java_client.pagefactory.interceptors.InterceptorOfASingleElement.call(InterceptorOfASingleElement.java:54)
at io.appium.java_client.proxy.Interceptor.intercept(Interceptor.java:75)
at org.openqa.selenium.remote.RemoteWebElement$ByteBuddy$pPC1Z886.click(Unknown Source)
at com.appiumTests.pages.LoginPage.landingHomePage(LoginPage.java:36)
at com.appiumTests.test.DetoxTests.gotoHomePage(DetoxTests.java:25)
at java.base/java.util.ArrayList.forEach(ArrayList.java:1511)
Caused by: org.openqa.selenium.NoSuchSessionException: The session identified by f09b39c6-9c14-4c9f-a63f-386ebc17c95c is not known
Build info: version: '4.12.1', revision: '8e34639b11'
System info: os.name: 'Windows 11', os.arch: 'amd64', os.version: '10.0', java.version: '17.0.9'
Driver info: io.appium.java_client.android.AndroidDriver
Command: [e5fe5d93-6f28-4e02-ae69-20a5d28aa93d, findElement {using=xpath, value=//android.widget.Button[@resource-id="com.project.kiranchavan.detoxfree:id/set_lang_btn"]}]
Capabilities {appium:app: C:\Users\lavanya.gorrela\ec..., appium:appActivity: com.project.kiranchavan.det..., appium:appPackage: com.project.kiranchavan.det..., appium:autoAcceptAlerts: true, appium:automationName: UiAutomator2, appium:databaseEnabled: false, appium:desired: {app: C:\Users\lavanya.gorrela\ec..., appActivity: com.project.kiranchavan.det..., appPackage: com.project.kiranchavan.det..., autoAcceptAlerts: true, automationName: UiAutomator2, deviceName: emulator-5554, newCommandTimeOut: 3000, noReset: false, platformName: ANDROID, platformVersion: 14}, appium:deviceApiLevel: 34, appium:deviceManufacturer: Google, appium:deviceModel: sdk_gphone64_x86_64, appium:deviceName: emulator-5554, appium:deviceScreenDensity: 440, appium:deviceScreenSize: 1080x2220, appium:deviceUDID: emulator-5554, appium:javascriptEnabled: true, appium:locationContextEnabled: false, appium:networkConnectionEnabled: true, appium:newCommandTimeOut: 3000, appium:noReset: false, appium:pixelRatio: 2.75, appium:platformVersion: 14, appium:statBarHeight: 66, appium:takesScreenshot: true, appium:viewportRect: {height: 2088, left: 0, top: 66, width: 1080}, appium:warnings: {}, appium:webStorageEnabled: false, platformName: ANDROID}
Session ID: e5fe5d93-6f28-4e02-ae69-20a5d28aa93d
at org.openqa.selenium.remote.codec.w3c.W3CHttpResponseCodec.createException(W3CHttpResponseCodec.java:200)
at org.openqa.selenium.remote.codec.w3c.W3CHttpResponseCodec.decode(W3CHttpResponseCodec.java:133)
at org.openqa.selenium.remote.codec.w3c.W3CHttpResponseCodec.decode(W3CHttpResponseCodec.java:52)
at org.openqa.selenium.remote.HttpCommandExecutor.execute(HttpCommandExecutor.java:191)
at io.appium.java_client.remote.AppiumCommandExecutor.execute(AppiumCommandExecutor.java:250)
at org.openqa.selenium.remote.RemoteWebDriver.execute(RemoteWebDriver.java:602)
at org.openqa.selenium.remote.ElementLocation$ElementFinder$2.findElement(ElementLocation.java:165)
at org.openqa.selenium.remote.ElementLocation.findElement(ElementLocation.java:59)
at org.openqa.selenium.remote.RemoteWebDriver.findElement(RemoteWebDriver.java:359)
at org.openqa.selenium.remote.RemoteWebDriver.findElement(RemoteWebDriver.java:353)
at io.appium.java_client.pagefactory.bys.builder.ByChained.lambda$getSearchingFunction$0(ByChained.java:41)
at org.openqa.selenium.support.ui.FluentWait.until(FluentWait.java:205)
at io.appium.java_client.pagefactory.bys.builder.ByChained.findElement(ByChained.java:75)
at org.openqa.selenium.remote.ElementLocation$ElementFinder$1.findElement(ElementLocation.java:139)
at org.openqa.selenium.remote.ElementLocation.findElement(ElementLocation.java:81)
at org.openqa.selenium.remote.RemoteWebDriver.findElement(RemoteWebDriver.java:359)
at org.openqa.selenium.remote.RemoteWebDriver.findElement(RemoteWebDriver.java:353)
at io.appium.java_client.pagefactory.bys.ContentMappedBy.findElement(ContentMappedBy.java:50)
at org.openqa.selenium.remote.ElementLocation$ElementFinder$1.findElement(ElementLocation.java:139)
at org.openqa.selenium.remote.ElementLocation.findElement(ElementLocation.java:81)
at org.openqa.selenium.remote.RemoteWebDriver.findElement(RemoteWebDriver.java:359)
at org.openqa.selenium.remote.RemoteWebDriver.findElement(RemoteWebDriver.java:353)
at io.appium.java_client.pagefactory.AppiumElementLocator.lambda$findElement$0(AppiumElementLocator.java:119)
at io.appium.java_client.pagefactory.AppiumElementLocator$WaitingFunction.apply(AppiumElementLocator.java:171)
... 46 more
... Removed 41 stack frames]]>
    </failure>
  </testcase> <!-- @BeforeMethod gotoHomePage -->
  <testcase classname="com.appiumTests.test.DetoxTests" name="@BeforeMethod gotoHomePage" time="0.0">
    <skipped/>
  </testcase> <!-- @BeforeMethod gotoHomePage -->
  <testcase classname="com.appiumTests.test.DetoxTests" name="recipePage" time="0.0">
    <skipped/>
  </testcase> <!-- recipePage -->
  <testcase classname="com.appiumTests.test.DetoxTests" name="searchPage" time="0.0">
    <skipped/>
  </testcase> <!-- searchPage -->
</testsuite> <!-- Surefire test -->
