<?xml version="1.0" encoding="UTF-8"?>
<testsuite xmlns:xsi="http://www.w3.org/2001/XMLSchema-instance" xsi:noNamespaceSchemaLocation="https://maven.apache.org/surefire/maven-surefire-plugin/xsd/surefire-test-report-3.0.xsd" version="3.0" name="com.appiumTests.test.DetoxTests" time="11.271" tests="5" errors="0" skipped="4" failures="1">
  <properties>
[...]
</properties>
  <testcase name="gotoHomePage" classname="com.appiumTests.test.DetoxTests" time="11.08">
    <failure message="org.openqa.selenium.NoSuchSessionException: The session identified by f09b39c6-9c14-4c9f-a63f-386ebc17c95c is not known&#10;Build info: version: &apos;4.12.1&apos;, revision: &apos;8e34639b11&apos;&#10;System info: os.name: &apos;Windows 11&apos;, os.arch: &apos;amd64&apos;, os.version: &apos;10.0&apos;, java.version: &apos;17.0.9&apos;&#10;Driver info: io.appium.java_client.android.AndroidDriver&#10;Command: [e5fe5d93-6f28-4e02-ae69-20a5d28aa93d, findElement {using=xpath, value=//android.widget.Button[@resource-id=&quot;com.project.kiranchavan.detoxfree:id/set_lang_btn&quot;]}]&#10;Capabilities {appium:app: C:\Users\lavanya.gorrela\ec..., appium:appActivity: com.project.kiranchavan.det..., appium:appPackage: com.project.kiranchavan.det..., appium:autoAcceptAlerts: true, appium:automationName: UiAutomator2, appium:databaseEnabled: false, appium:desired: {app: C:\Users\lavanya.gorrela\ec..., appActivity: com.project.kiranchavan.det..., appPackage: com.project.kiranchavan.det..., autoAcceptAlerts: true, automationName: UiAutomator2, deviceName: emulator-5554, newCommandTimeOut: 3000, noReset: false, platformName: ANDROID, platformVersion: 14}, appium:deviceApiLevel: 34, appium:deviceManufacturer: Google, appium:deviceModel: sdk_gphone64_x86_64, appium:deviceName: emulator-5554, appium:deviceScreenDensity: 440, appium:deviceScreenSize: 1080x2220, appium:deviceUDID: emulator-5554, appium:javascriptEnabled: true, appium:locationContextEnabled: false, appium:networkConnectionEnabled: true, appium:newCommandTimeOut: 3000, appium:noReset: false, appium:pixelRatio: 2.75, appium:platformVersion: 14, appium:statBarHeight: 66, appium:takesScreenshot: true, appium:viewportRect: {height: 2088, left: 0, top: 66, width: 1080}, appium:warnings: {}, appium:webStorageEnabled: false, platformName: ANDROID}&#10;Session ID: e5fe5d93-6f28-4e02-ae69-20a5d28aa93d" type="org.openqa.selenium.WebDriverException"><![CDATA[org.openqa.selenium.WebDriverException: 
org.openqa.selenium.NoSuchSessionException: The session identified by f09b39c6-9c14-4c9f-a63f-386ebc17c95c is not known
Build info: version: '4.12.1', revision: '8e34639b11'
System info: os.name: 'Windows 11', os.arch: 'amd64', os.version: '10.0', java.version: '17.0.9'
Driver info: io.appium.java_client.android.AndroidDriver
Command: [e5fe5d93-6f28-4e02-ae69-20a5d28aa93d, findElement {using=xpath, value=//android.widget.Button[@resource-id="com.project.kiranchavan.detoxfree:id/set_lang_btn"]}]
Capabilities {appium:app: C:\Users\lavanya.gorrela\ec..., appium:appActivity: com.project.kiranchavan.det..., appium:appPackage: com.project.kiranchavan.det..., appium:autoAcceptAlerts: true, appium:automationName: UiAutomator2, appium:databaseEnabled: false, appium:desired: {app: C:\Users\lavanya.gorrela\ec..., appActivity: com.project.kiranchavan.det..., appPackage: com.project.kiranchavan.det..., autoAcceptAlerts: true, automationName: UiAutomator2, deviceName: emulator-5554, newCommandTimeOut: 3000, noReset: false, platformName: ANDROID, platformVersion: 14}, appium:deviceApiLevel: 34, appium:deviceManufacturer: Google, appium:deviceModel: sdk_gphone64_x86_64, appium:deviceName: emulator-5554, appium:deviceScreenDensity: 440, appium:deviceScreenSize: 1080x2220, appium:deviceUDID: emulator-5554, appium:javascriptEnabled: true, appium:locationContextEnabled: false, appium:networkConnectionEnabled: true, appium:newCommandTimeOut: 3000, appium:noReset: false, appium:pixelRatio: 2.75, appium:platformVersion: 14, appium:statBarHeight: 66, appium:takesScreenshot: true, appium:viewportRect: {height: 2088, left: 0, top: 66, width: 1080}, appium:warnings: {}, appium:webStorageEnabled: false, platformName: ANDROID}
Session ID: e5fe5d93-6f28-4e02-ae69-20a5d28aa93d
	at io.appium.java_client.pagefactory.AppiumElementLocator$WaitingFunction.apply(AppiumElementLocator.java:191)
	at io.appium.java_client.pagefactory.AppiumElementLocator$WaitingFunction.apply(AppiumElementLocator.java:164)
	at org.openqa.selenium.support.ui.FluentWait.until(FluentWait.java:205)
	at io.appium.java_client.pagefactory.AppiumElementLocator.waitFor(AppiumElementLocator.java:98)
	at io.appium.java_client.pagefactory.AppiumElementLocator.findElement(AppiumElementLocator.java:118)
	at io.appium.java_client.pagefactory.interceptors.InterceptorOfASingleElement.call(InterceptorOfASingleElement.java:54)
	at io.appium.java_client.proxy.Interceptor.intercept(Interceptor.java:75)
	at org.openqa.selenium.remote.RemoteWebElement$ByteBuddy$pPC1Z886.click(Unknown Source)
	at com.appiumTests.pages.LoginPage.landingHomePage(LoginPage.java:36)
	at com.appiumTests.test.DetoxTests.gotoHomePage(DetoxTests.java:25)
	at java.base/jdk.internal.reflect.NativeMethodAccessorImpl.invoke0(Native Method)
	at java.base/jdk.internal.reflect.NativeMethodAccessorImpl.invoke(NativeMethodAccessorImpl.java:77)
	at java.base/jdk.internal.reflect.DelegatingMethodAccessorImpl.invoke(DelegatingMethodAccessorImpl.java:43)
	at java.base/java.lang.reflect.Method.invoke(Method.java:568)
	at org.testng.internal.invokers.MethodInvocationHelper.invokeMethod(MethodInvocationHelper.java:139)
	at org.testng.internal.invokers.MethodInvocationHelper.invokeMethodConsideringTimeout(MethodInvocationHelper.java:69)
	at org.testng.internal.invokers.ConfigInvoker.invokeConfigurationMethod(ConfigInvoker.java:361)
	at org.testng.internal.invokers.ConfigInvoker.invokeConfigurations(ConfigInvoker.java:296)
	at org.testng.internal.invokers.TestInvoker.runConfigMethods(TestInvoker.java:823)
	at org.testng.internal.invokers.TestInvoker.invokeMethod(TestInvoker.java:590)
	at org.testng.internal.invokers.TestInvoker.invokeTestMethod(TestInvoker.java:221)
	at org.testng.internal.invokers.MethodRunner.runInSequence(MethodRunner.java:50)
	at org.testng.internal.invokers.TestInvoker$MethodInvocationAgent.invoke(TestInvoker.java:969)
	at org.testng.internal.invokers.TestInvoker.invokeTestMethods(TestInvoker.java:194)
	at org.testng.internal.invokers.TestMethodWorker.invokeTestMethods(TestMethodWorker.java:148)
	at org.testng.internal.invokers.TestMethodWorker.run(TestMethodWorker.java:128)
	at java.base/java.util.ArrayList.forEach(ArrayList.java:1511)
	at org.testng.TestRunner.privateRun(TestRunner.java:829)
	at org.testng.TestRunner.run(TestRunner.java:602)
	at org.testng.SuiteRunner.runTest(SuiteRunner.java:437)
	at org.testng.SuiteRunner.runSequentially(SuiteRunner.java:431)
	at org.testng.SuiteRunner.privateRun(SuiteRunner.java:391)
	at org.testng.SuiteRunner.run(SuiteRunner.java:330)
	at org.testng.SuiteRunnerWorker.runSuite(SuiteRunnerWorker.java:52)
	at org.testng.SuiteRunnerWorker.run(SuiteRunnerWorker.java:95)
	at org.testng.TestNG.runSuitesSequentially(TestNG.java:1256)
	at org.testng.TestNG.runSuitesLocally(TestNG.java:1176)
	at org.testng.TestNG.runSuites(TestNG.java:1099)
	at org.testng.TestNG.run(TestNG.java:1067)
	at org.apache.maven.surefire.testng.TestNGExecutor.run(TestNGExecutor.java:155)
	at org.apache.maven.surefire.testng.TestNGDirectoryTestSuite.executeSingleClass(TestNGDirectoryTestSuite.java:102)
	at org.apache.maven.surefire.testng.TestNGDirectoryTestSuite.execute(TestNGDirectoryTestSuite.java:91)
	at org.apache.maven.surefire.testng.TestNGProvider.invoke(TestNGProvider.java:137)
	at org.apache.maven.surefire.booter.ForkedBooter.runSuitesInProcess(ForkedBooter.java:385)
	at org.apache.maven.surefire.booter.ForkedBooter.execute(ForkedBooter.java:162)
	at org.apache.maven.surefire.booter.ForkedBooter.run(ForkedBooter.java:507)
	at org.apache.maven.surefire.booter.ForkedBooter.main(ForkedBooter.java:495)
Caused by: org.openqa.selenium.NoSuchSessionException: The session identified by f09b39c6-9c14-4c9f-a63f-386ebc17c95c is not known
Build info: version: '4.12.1', revision: '8e34639b11'
System info: os.name: 'Windows 11', os.arch: 'amd64', os.version: '10.0', java.version: '17.0.9'
Driver info: io.appium.java_client.android.AndroidDriver
Command: [e5fe5d93-6f28-4e02-ae69-20a5d28aa93d, findElement {using=xpath, value=//android.widget.Button[@resource-id="com.project.kiranchavan.detoxfree:id/set_lang_btn"]}]
Capabilities {appium:app: C:\Users\lavanya.gorrela\ec..., appium:appActivity: com.project.kiranchavan.det..., appium:appPackage: com.project.kiranchavan.det..., appium:autoAcceptAlerts: true, appium:automationName: UiAutomator2, appium:databaseEnabled: false, appium:desired: {app: C:\Users\lavanya.gorrela\ec..., appActivity: com.project.kiranchavan.det..., appPackage: com.project.kiranchavan.det..., autoAcceptAlerts: true, automationName: UiAutomator2, deviceName: emulator-5554, newCommandTimeOut: 3000, noReset: false, platformName: ANDROID, platformVersion: 14}, appium:deviceApiLevel: 34, appium:deviceManufacturer: Google, appium:deviceModel: sdk_gphone64_x86_64, appium:deviceName: emulator-5554, appium:deviceScreenDensity: 440, appium:deviceScreenSize: 1080x2220, appium:deviceUDID: emulator-5554, appium:javascriptEnabled: true, appium:locationContextEnabled: false, appium:networkConnectionEnabled: true, appium:newCommandTimeOut: 3000, appium:noReset: false, appium:pixelRatio: 2.75, appium:platformVersion: 14, appium:statBarHeight: 66, appium:takesScreenshot: true, appium:viewportRect: {height: 2088, left: 0, top: 66, width: 1080}, appium:warnings: {}, appium:webStorageEnabled: false, platformName: ANDROID}
Session ID: e5fe5d93-6f28-4e02-ae69-20a5d28aa93d
	at java.base/jdk.internal.reflect.NativeConstructorAccessorImpl.newInstance0(Native Method)
	at java.base/jdk.internal.reflect.NativeConstructorAccessorImpl.newInstance(NativeConstructorAccessorImpl.java:77)
	at java.base/jdk.internal.reflect.DelegatingConstructorAccessorImpl.newInstance(DelegatingConstructorAccessorImpl.java:45)
	at java.base/java.lang.reflect.Constructor.newInstanceWithCaller(Constructor.java:499)
	at java.base/java.lang.reflect.Constructor.newInstance(Constructor.java:480)
	at org.openqa.selenium.remote.codec.w3c.W3CHttpResponseCodec.createException(W3CHttpResponseCodec.java:200)
	at org.openqa.selenium.remote.codec.w3c.W3CHttpResponseCodec.decode(W3CHttpResponseCodec.java:133)
	at org.openqa.selenium.remote.codec.w3c.W3CHttpResponseCodec.decode(W3CHttpResponseCodec.java:52)
	at org.openqa.selenium.remote.HttpCommandExecutor.execute(HttpCommandExecutor.java:191)
	at io.appium.java_client.remote.AppiumCommandExecutor.execute(AppiumCommandExecutor.java:250)
	at org.openqa.selenium.remote.RemoteWebDriver.execute(RemoteWebDriver.java:602)
	at org.openqa.selenium.remote.ElementLocation$ElementFinder$2.findElement(ElementLocation.java:165)
	at org.openqa.selenium.remote.ElementLocation.findElement(ElementLocation.java:59)
	at org.openqa.selenium.remote.RemoteWebDriver.findElement(RemoteWebDriver.java:359)
	at org.openqa.selenium.remote.RemoteWebDriver.findElement(RemoteWebDriver.java:353)
	at io.appium.java_client.pagefactory.bys.builder.ByChained.lambda$getSearchingFunction$0(ByChained.java:41)
	at org.openqa.selenium.support.ui.FluentWait.until(FluentWait.java:205)
	at io.appium.java_client.pagefactory.bys.builder.ByChained.findElement(ByChained.java:75)
	at org.openqa.selenium.remote.ElementLocation$ElementFinder$1.findElement(ElementLocation.java:139)
	at org.openqa.selenium.remote.ElementLocation.findElement(ElementLocation.java:81)
	at org.openqa.selenium.remote.RemoteWebDriver.findElement(RemoteWebDriver.java:359)
	at org.openqa.selenium.remote.RemoteWebDriver.findElement(RemoteWebDriver.java:353)
	at io.appium.java_client.pagefactory.bys.ContentMappedBy.findElement(ContentMappedBy.java:50)
	at org.openqa.selenium.remote.ElementLocation$ElementFinder$1.findElement(ElementLocation.java:139)
	at org.openqa.selenium.remote.ElementLocation.findElement(ElementLocation.java:81)
	at org.openqa.selenium.remote.RemoteWebDriver.findElement(RemoteWebDriver.java:359)
	at org.openqa.selenium.remote.RemoteWebDriver.findElement(RemoteWebDriver.java:353)
	at io.appium.java_client.pagefactory.AppiumElementLocator.lambda$findElement$0(AppiumElementLocator.java:119)
	at io.appium.java_client.pagefactory.AppiumElementLocator$WaitingFunction.apply(AppiumElementLocator.java:171)
	... 46 more
]]></failure>
    <system-out><![CDATA[&amp#27;[35m[Appium]&amp#27;[39m Welcome to Appium v2.2.2
&amp#27;[35m[Appium]&amp#27;[39m Non-default server args:
&amp#27;[35m[Appium]&amp#27;[39m { address: &amp#27;[32m'127.0.0.1'&amp#27;[39m, sessionOverride: &amp#27;[33mtrue&amp#27;[39m }
&amp#27;[35m[Appium]&amp#27;[39m Attempting to load driver uiautomator2...
&amp#27;[35m[Appium]&amp#27;[39m Requiring driver at C:\Users\lavanya.gorrela\.appium\node_modules\appium-uiautomator2-driver
&amp#27;[35m[Appium]&amp#27;[39m Appium REST http interface listener started on http://127.0.0.1:4723
&amp#27;[35m[Appium]&amp#27;[39m Available drivers:
&amp#27;[35m[Appium]&amp#27;[39m   - uiautomator2@2.34.1 (automationName 'UiAutomator2')
&amp#27;[35m[Appium]&amp#27;[39m No plugins have been installed. Use the "appium plugin" command to install the one(s) you want to use.
]]></system-out>
    <system-err><![CDATA[SLF4J: Failed to load class "org.slf4j.impl.StaticLoggerBinder".
SLF4J: Defaulting to no-operation (NOP) logger implementation
SLF4J: See http://www.slf4j.org/codes.html#StaticLoggerBinder for further details.
]]></system-err>
  </testcase>
  <testcase name="gotoHomePage" classname="com.appiumTests.test.DetoxTests" time="0.0">
    <skipped/>
  </testcase>
  <testcase name="recipePage" classname="com.appiumTests.test.DetoxTests" time="0.0">
    <skipped message="org.openqa.selenium.NoSuchSessionException: The session identified by f09b39c6-9c14-4c9f-a63f-386ebc17c95c is not known&#10;Build info: version: &apos;4.12.1&apos;, revision: &apos;8e34639b11&apos;&#10;System info: os.name: &apos;Windows 11&apos;, os.arch: &apos;amd64&apos;, os.version: &apos;10.0&apos;, java.version: &apos;17.0.9&apos;&#10;Driver info: io.appium.java_client.android.AndroidDriver&#10;Command: [e5fe5d93-6f28-4e02-ae69-20a5d28aa93d, findElement {using=xpath, value=//android.widget.Button[@resource-id=&quot;com.project.kiranchavan.detoxfree:id/set_lang_btn&quot;]}]&#10;Capabilities {appium:app: C:\Users\lavanya.gorrela\ec..., appium:appActivity: com.project.kiranchavan.det..., appium:appPackage: com.project.kiranchavan.det..., appium:autoAcceptAlerts: true, appium:automationName: UiAutomator2, appium:databaseEnabled: false, appium:desired: {app: C:\Users\lavanya.gorrela\ec..., appActivity: com.project.kiranchavan.det..., appPackage: com.project.kiranchavan.det..., autoAcceptAlerts: true, automationName: UiAutomator2, deviceName: emulator-5554, newCommandTimeOut: 3000, noReset: false, platformName: ANDROID, platformVersion: 14}, appium:deviceApiLevel: 34, appium:deviceManufacturer: Google, appium:deviceModel: sdk_gphone64_x86_64, appium:deviceName: emulator-5554, appium:deviceScreenDensity: 440, appium:deviceScreenSize: 1080x2220, appium:deviceUDID: emulator-5554, appium:javascriptEnabled: true, appium:locationContextEnabled: false, appium:networkConnectionEnabled: true, appium:newCommandTimeOut: 3000, appium:noReset: false, appium:pixelRatio: 2.75, appium:platformVersion: 14, appium:statBarHeight: 66, appium:takesScreenshot: true, appium:viewportRect: {height: 2088, left: 0, top: 66, width: 1080}, appium:warnings: {}, appium:webStorageEnabled: false, platformName: ANDROID}&#10;Session ID: e5fe5d93-6f28-4e02-ae69-20a5d28aa93d"/>
  </testcase>
  <testcase name="searchPage" classname="com.appiumTests.test.DetoxTests" time="0.0">
    <skipped message="org.openqa.selenium.NoSuchSessionException: The session identified by f09b39c6-9c14-4c9f-a63f-386ebc17c95c is not known&#10;Build info: version: &apos;4.12.1&apos;, revision: &apos;8e34639b11&apos;&#10;System info: os.name: &apos;Windows 11&apos;, os.arch: &apos;amd64&apos;, os.version: &apos;10.0&apos;, java.version: &apos;17.0.9&apos;&#10;Driver info: io.appium.java_client.android.AndroidDriver&#10;Command: [e5fe5d93-6f28-4e02-ae69-20a5d28aa93d, findElement {using=xpath, value=//android.widget.Button[@resource-id=&quot;com.project.kiranchavan.detoxfree:id/set_lang_btn&quot;]}]&#10;Capabilities {appium:app: C:\Users\lavanya.gorrela\ec..., appium:appActivity: com.project.kiranchavan.det..., appium:appPackage: com.project.kiranchavan.det..., appium:autoAcceptAlerts: true, appium:automationName: UiAutomator2, appium:databaseEnabled: false, appium:desired: {app: C:\Users\lavanya.gorrela\ec..., appActivity: com.project.kiranchavan.det..., appPackage: com.project.kiranchavan.det..., autoAcceptAlerts: true, automationName: UiAutomator2, deviceName: emulator-5554, newCommandTimeOut: 3000, noReset: false, platformName: ANDROID, platformVersion: 14}, appium:deviceApiLevel: 34, appium:deviceManufacturer: Google, appium:deviceModel: sdk_gphone64_x86_64, appium:deviceName: emulator-5554, appium:deviceScreenDensity: 440, appium:deviceScreenSize: 1080x2220, appium:deviceUDID: emulator-5554, appium:javascriptEnabled: true, appium:locationContextEnabled: false, appium:networkConnectionEnabled: true, appium:newCommandTimeOut: 3000, appium:noReset: false, appium:pixelRatio: 2.75, appium:platformVersion: 14, appium:statBarHeight: 66, appium:takesScreenshot: true, appium:viewportRect: {height: 2088, left: 0, top: 66, width: 1080}, appium:warnings: {}, appium:webStorageEnabled: false, platformName: ANDROID}&#10;Session ID: e5fe5d93-6f28-4e02-ae69-20a5d28aa93d"/>
  </testcase>
  <testcase name="teardown" classname="com.appiumTests.test.DetoxTests" time="0.0">
    <skipped/>
  </testcase>
</testsuite>